<?xml version="1.0" encoding="UTF-8"?>
<testng-results skipped="0" failed="0" ignored="0" total="1" passed="1">
  <reporter-output>
  </reporter-output>
  <suite name="Default suite" duration-ms="9970" started-at="2019-09-26T04:36:01Z" finished-at="2019-09-26T04:36:11Z">
    <groups>
    </groups>
    <test name="Default test" duration-ms="9970" started-at="2019-09-26T04:36:01Z" finished-at="2019-09-26T04:36:11Z">
      <class name="demowebDriver.DemoMouseAction">
        <test-method status="PASS" signature="beforeTest()[pri:0, instance:demowebDriver.DemoMouseAction@cb5822]" name="beforeTest" is-config="true" duration-ms="7446" started-at="2019-09-26T10:06:01Z" finished-at="2019-09-26T10:06:08Z">
          <reporter-output>
          </reporter-output>
        </test-method> <!-- beforeTest -->
        <test-method status="PASS" signature="f()[pri:0, instance:demowebDriver.DemoMouseAction@cb5822]" name="f" duration-ms="2447" started-at="2019-09-26T10:06:08Z" finished-at="2019-09-26T10:06:11Z">
          <reporter-output>
          </reporter-output>
        </test-method> <!-- f -->
        <test-method status="PASS" signature="afterTest()[pri:0, instance:demowebDriver.DemoMouseAction@cb5822]" name="afterTest" is-config="true" duration-ms="38" started-at="2019-09-26T10:06:11Z" finished-at="2019-09-26T10:06:11Z">
          <reporter-output>
          </reporter-output>
        </test-method> <!-- afterTest -->
      </class> <!-- demowebDriver.DemoMouseAction -->
    </test> <!-- Default test -->
  </suite> <!-- Default suite -->
</testng-results>
